TN:
SF:babel.config.js
FNF:0
FNH:0
DA:1,0
LF:1
LH:0
BRF:0
BRH:0
end_of_record
TN:
SF:index.js
FN:15,main
FN:52,(anonymous_1)
FN:53,(anonymous_2)
FN:54,(anonymous_3)
FN:55,(anonymous_4)
FN:58,(anonymous_5)
FN:91,(anonymous_6)
FN:120,(anonymous_7)
FN:149,(anonymous_8)
FN:157,(anonymous_9)
FN:158,(anonymous_10)
FN:162,(anonymous_11)
FN:175,(anonymous_12)
FNF:13
FNH:0
FNDA:0,main
FNDA:0,(anonymous_1)
FNDA:0,(anonymous_2)
FNDA:0,(anonymous_3)
FNDA:0,(anonymous_4)
FNDA:0,(anonymous_5)
FNDA:0,(anonymous_6)
FNDA:0,(anonymous_7)
FNDA:0,(anonymous_8)
FNDA:0,(anonymous_9)
FNDA:0,(anonymous_10)
FNDA:0,(anonymous_11)
FNDA:0,(anonymous_12)
DA:1,0
DA:2,0
DA:3,0
DA:5,0
DA:6,0
DA:7,0
DA:8,0
DA:9,0
DA:10,0
DA:13,0
DA:16,0
DA:19,0
DA:20,0
DA:21,0
DA:26,0
DA:27,0
DA:31,0
DA:32,0
DA:34,0
DA:35,0
DA:38,0
DA:39,0
DA:42,0
DA:46,0
DA:49,0
DA:50,0
DA:52,0
DA:53,0
DA:54,0
DA:55,0
DA:58,0
DA:59,0
DA:61,0
DA:62,0
DA:64,0
DA:70,0
DA:78,0
DA:81,0
DA:82,0
DA:85,0
DA:86,0
DA:87,0
DA:88,0
DA:90,0
DA:91,0
DA:92,0
DA:93,0
DA:96,0
DA:97,0
DA:99,0
DA:104,0
DA:105,0
DA:110,0
DA:114,0
DA:117,0
DA:118,0
DA:120,0
DA:121,0
DA:122,0
DA:125,0
DA:128,0
DA:129,0
DA:132,0
DA:134,0
DA:135,0
DA:136,0
DA:138,0
DA:141,0
DA:144,0
DA:149,0
DA:150,0
DA:151,0
DA:152,0
DA:153,0
DA:154,0
DA:157,0
DA:158,0
DA:161,0
DA:162,0
DA:163,0
DA:164,0
DA:165,0
DA:166,0
DA:167,0
DA:170,0
DA:175,0
DA:176,0
DA:177,0
LF:88
LH:0
BRDA:72,0,0,0
BRDA:72,0,1,0
BRDA:85,1,0,0
BRDA:85,1,1,0
BRDA:90,2,0,0
BRDA:90,2,1,0
BRDA:96,3,0,0
BRDA:96,3,1,0
BRDA:111,4,0,0
BRDA:111,4,1,0
BRDA:134,5,0,0
BRDA:134,5,1,0
BRDA:166,6,0,0
BRDA:166,6,1,0
BRF:14
BRH:0
end_of_record
TN:
SF:test-cjs.js
FNF:0
FNH:0
DA:1,0
LF:1
LH:0
BRF:0
BRH:0
end_of_record
TN:
SF:test-esm.js
FNF:0
FNH:0
DA:1,0
LF:1
LH:0
BRF:0
BRH:0
end_of_record
TN:
SF:src/account.js
FN:17,initializeKeeperAccount
FN:55,(anonymous_1)
FN:75,getKeeperAccount
FN:82,loadAccount
FNF:4
FNH:0
FNDA:0,initializeKeeperAccount
FNDA:0,(anonymous_1)
FNDA:0,getKeeperAccount
FNDA:0,loadAccount
DA:1,0
DA:2,0
DA:3,0
DA:6,0
DA:18,0
DA:19,0
DA:20,0
DA:24,0
DA:25,0
DA:27,0
DA:30,0
DA:31,0
DA:33,0
DA:34,0
DA:37,0
DA:39,0
DA:42,0
DA:43,0
DA:48,0
DA:52,0
DA:53,0
DA:55,0
DA:56,0
DA:58,0
DA:59,0
DA:60,0
DA:61,0
DA:63,0
DA:67,0
DA:76,0
DA:83,0
DA:86,0
LF:32
LH:0
BRDA:19,0,0,0
BRDA:19,0,1,0
BRDA:33,1,0,0
BRDA:33,1,1,0
BRDA:42,2,0,0
BRDA:42,2,1,0
BRDA:42,3,0,0
BRDA:42,3,1,0
BRDA:52,4,0,0
BRDA:52,4,1,0
BRDA:56,5,0,0
BRDA:56,5,1,0
BRDA:58,6,0,0
BRDA:58,6,1,0
BRDA:60,7,0,0
BRDA:60,7,1,0
BRF:16
BRH:0
end_of_record
TN:
SF:src/config.js
FN:5,loadConfig
FN:14,(anonymous_1)
FNF:2
FNH:0
FNDA:0,loadConfig
FNDA:0,(anonymous_1)
DA:3,0
DA:6,0
DA:14,0
DA:16,0
DA:17,0
DA:22,0
LF:6
LH:0
BRDA:16,0,0,0
BRDA:16,0,1,0
BRDA:28,1,0,0
BRDA:28,1,1,0
BRDA:30,2,0,0
BRDA:30,2,1,0
BRDA:31,3,0,0
BRDA:31,3,1,0
BRDA:32,4,0,0
BRDA:32,4,1,0
BRDA:34,5,0,0
BRDA:34,5,1,0
BRDA:35,6,0,0
BRDA:35,6,1,0
BRF:14
BRH:0
end_of_record
TN:
SF:src/executor.js
FN:23,pollTransaction
FN:39,(anonymous_1)
FN:57,executeTask
FN:116,createExecutor
FN:119,(anonymous_4)
FN:123,(anonymous_5)
FN:131,(anonymous_6)
FN:137,(anonymous_7)
FN:142,(anonymous_8)
FNF:9
FNH:6
FNDA:0,pollTransaction
FNDA:0,(anonymous_1)
FNDA:0,executeTask
FNDA:14,createExecutor
FNDA:8,(anonymous_4)
FNDA:8,(anonymous_5)
FNDA:1,(anonymous_6)
FNDA:1,(anonymous_7)
FNDA:1,(anonymous_8)
DA:8,6
DA:9,6
DA:10,6
DA:12,6
DA:13,6
DA:15,6
DA:24,0
DA:25,0
DA:27,0
DA:28,0
DA:31,0
DA:34,0
DA:35,0
DA:39,0
DA:42,0
DA:59,0
DA:61,0
DA:62,0
DA:63,0
DA:66,0
DA:75,0
DA:77,0
DA:78,0
DA:82,0
DA:85,0
DA:88,0
DA:89,0
DA:91,0
DA:93,0
DA:94,0
DA:98,0
DA:99,0
DA:100,0
DA:102,0
DA:104,0
DA:105,0
DA:106,0
DA:109,0
DA:117,14
DA:118,14
DA:120,8
DA:122,8
DA:124,8
DA:125,8
DA:132,1
DA:133,1
DA:138,1
DA:143,1
DA:148,8
DA:149,8
DA:157,8
DA:162,6
LF:52
LH:20
BRDA:27,0,0,0
BRDA:27,0,1,0
BRDA:28,1,0,0
BRDA:28,1,1,0
BRDA:29,2,0,0
BRDA:29,2,1,0
BRDA:34,3,0,0
BRDA:34,3,1,0
BRDA:68,4,0,0
BRDA:68,4,1,0
BRDA:77,5,0,0
BRDA:77,5,1,0
BRDA:93,6,0,0
BRDA:93,6,1,0
BRDA:105,7,0,0
BRDA:105,7,1,0
BRDA:116,8,0,0
BRDA:117,9,0,14
BRDA:117,9,1,13
BRDA:128,10,0,8
BRDA:128,10,1,1
BRDA:129,11,0,8
BRDA:129,11,1,4
BRDA:130,12,0,8
BRDA:130,12,1,4
BRDA:134,13,0,1
BRDA:134,13,1,0
BRDA:139,14,0,1
BRDA:139,14,1,0
BRDA:148,15,0,8
BRDA:148,15,1,0
BRDA:153,16,0,8
BRDA:153,16,1,8
BRF:33
BRH:13
end_of_record
TN:
SF:src/gasMonitor.js
FN:5,(anonymous_0)
FN:22,(anonymous_1)
FN:49,(anonymous_2)
FN:82,(anonymous_3)
FN:86,(anonymous_4)
FNF:5
FNH:0
FNDA:0,(anonymous_0)
FNDA:0,(anonymous_1)
FNDA:0,(anonymous_2)
FNDA:0,(anonymous_3)
FNDA:0,(anonymous_4)
DA:1,0
DA:2,0
DA:7,0
DA:9,0
DA:12,0
DA:14,0
DA:17,0
DA:18,0
DA:19,0
DA:23,0
DA:24,0
DA:26,0
DA:28,0
DA:29,0
DA:30,0
DA:31,0
DA:32,0
DA:33,0
DA:36,0
DA:37,0
DA:38,0
DA:39,0
DA:42,0
DA:43,0
DA:46,0
DA:50,0
DA:51,0
DA:53,0
DA:55,0
DA:56,0
DA:63,0
DA:71,0
DA:72,0
DA:73,0
DA:75,0
DA:78,0
DA:83,0
DA:87,0
DA:95,0
LF:39
LH:0
BRDA:7,0,0,0
BRDA:7,0,1,0
BRDA:10,1,0,0
BRDA:10,1,1,0
BRDA:12,2,0,0
BRDA:12,2,1,0
BRDA:15,3,0,0
BRDA:15,3,1,0
BRDA:24,4,0,0
BRDA:24,4,1,0
BRDA:28,5,0,0
BRDA:28,5,1,0
BRDA:28,6,0,0
BRDA:28,6,1,0
BRDA:31,7,0,0
BRDA:31,7,1,0
BRDA:31,8,0,0
BRDA:31,8,1,0
BRDA:36,9,0,0
BRDA:36,9,1,0
BRDA:38,10,0,0
BRDA:38,10,1,0
BRDA:42,11,0,0
BRDA:42,11,1,0
BRDA:42,12,0,0
BRDA:42,12,1,0
BRDA:42,12,2,0
BRDA:53,13,0,0
BRDA:53,13,1,0
BRDA:53,14,0,0
BRDA:53,14,1,0
BRDA:71,15,0,0
BRDA:71,15,1,0
BRF:33
BRH:0
end_of_record
TN:
SF:src/logger.js
FN:48,createBaseLogger
FN:87,getBaseLogger
FN:105,createLogger
FN:113,(anonymous_3)
FN:116,(anonymous_4)
FN:119,(anonymous_5)
FN:122,(anonymous_6)
FN:125,(anonymous_7)
FN:128,(anonymous_8)
FN:141,createChildLogger
FN:151,reinitializeLogger
FN:165,getLogLevel
FN:173,setLogLevel
FNF:13
FNH:0
FNDA:0,createBaseLogger
FNDA:0,getBaseLogger
FNDA:0,createLogger
FNDA:0,(anonymous_3)
FNDA:0,(anonymous_4)
FNDA:0,(anonymous_5)
FNDA:0,(anonymous_6)
FNDA:0,(anonymous_7)
FNDA:0,(anonymous_8)
FNDA:0,createChildLogger
FNDA:0,reinitializeLogger
FNDA:0,getLogLevel
FNDA:0,setLogLevel
DA:14,0
DA:20,0
DA:35,0
DA:40,0
DA:49,0
DA:65,0
DA:66,0
DA:77,0
DA:81,0
DA:88,0
DA:89,0
DA:91,0
DA:106,0
DA:109,0
DA:112,0
DA:114,0
DA:117,0
DA:120,0
DA:123,0
DA:126,0
DA:129,0
DA:142,0
DA:152,0
DA:166,0
DA:174,0
DA:178,0
LF:26
LH:0
BRDA:35,0,0,0
BRDA:35,0,1,0
BRDA:65,1,0,0
BRDA:65,1,1,0
BRDA:88,2,0,0
BRDA:88,2,1,0
BRDA:113,3,0,0
BRDA:116,4,0,0
BRDA:119,5,0,0
BRDA:122,6,0,0
BRDA:125,7,0,0
BRDA:128,8,0,0
BRDA:151,9,0,0
BRDA:153,10,0,0
BRDA:153,10,1,0
BRF:15
BRH:0
end_of_record
TN:
SF:src/metrics.js
FN:8,(anonymous_0)
FN:29,(anonymous_1)
FN:35,(anonymous_2)
FN:42,(anonymous_3)
FN:49,(anonymous_4)
FN:58,(anonymous_5)
FN:65,(anonymous_6)
FN:80,(anonymous_7)
FN:96,(anonymous_8)
FN:108,(anonymous_9)
FN:109,(anonymous_10)
FN:120,(anonymous_11)
FN:131,(anonymous_12)
FN:141,(anonymous_13)
FN:160,(anonymous_14)
FN:164,(anonymous_15)
FN:168,(anonymous_16)
FN:172,(anonymous_17)
FNF:18
FNH:0
FNDA:0,(anonymous_0)
FNDA:0,(anonymous_1)
FNDA:0,(anonymous_2)
FNDA:0,(anonymous_3)
FNDA:0,(anonymous_4)
FNDA:0,(anonymous_5)
FNDA:0,(anonymous_6)
FNDA:0,(anonymous_7)
FNDA:0,(anonymous_8)
FNDA:0,(anonymous_9)
FNDA:0,(anonymous_10)
FNDA:0,(anonymous_11)
FNDA:0,(anonymous_12)
FNDA:0,(anonymous_13)
FNDA:0,(anonymous_14)
FNDA:0,(anonymous_15)
FNDA:0,(anonymous_16)
FNDA:0,(anonymous_17)
DA:1,0
DA:9,0
DA:16,0
DA:21,0
DA:22,0
DA:24,0
DA:25,0
DA:26,0
DA:30,0
DA:31,0
DA:36,0
DA:37,0
DA:38,0
DA:39,0
DA:41,0
DA:42,0
DA:44,0
DA:45,0
DA:50,0
DA:51,0
DA:53,0
DA:54,0
DA:59,0
DA:66,0
DA:67,0
DA:69,0
DA:72,0
DA:81,0
DA:87,0
DA:91,0
DA:97,0
DA:98,0
DA:99,0
DA:100,0
DA:104,0
DA:105,0
DA:109,0
DA:110,0
DA:111,0
DA:112,0
DA:113,0
DA:115,0
DA:116,0
DA:120,0
DA:121,0
DA:122,0
DA:125,0
DA:132,0
DA:135,0
DA:137,0
DA:138,0
DA:142,0
DA:143,0
DA:145,0
DA:156,0
DA:157,0
DA:161,0
DA:165,0
DA:169,0
DA:173,0
DA:174,0
DA:175,0
DA:180,0
LF:63
LH:0
BRDA:29,0,0,0
BRDA:30,1,0,0
BRDA:30,1,1,0
BRDA:36,2,0,0
BRDA:36,2,1,0
BRDA:38,3,0,0
BRDA:38,3,1,0
BRDA:44,4,0,0
BRDA:44,4,1,0
BRDA:50,5,0,0
BRDA:50,5,1,0
BRDA:53,6,0,0
BRDA:53,6,1,0
BRDA:69,7,0,0
BRDA:69,7,1,0
BRDA:73,8,0,0
BRDA:73,8,1,0
BRDA:75,9,0,0
BRDA:75,9,1,0
BRDA:99,10,0,0
BRDA:99,10,1,0
BRDA:101,11,0,0
BRDA:101,11,1,0
BRDA:110,12,0,0
BRDA:110,12,1,0
BRDA:110,13,0,0
BRDA:110,13,1,0
BRDA:112,14,0,0
BRDA:112,14,1,0
BRDA:112,15,0,0
BRDA:112,15,1,0
BRDA:135,16,0,0
BRDA:135,16,1,0
BRDA:173,17,0,0
BRDA:173,17,1,0
BRF:35
BRH:0
end_of_record
TN:
SF:src/poller.js
FN:11,(anonymous_0)
FN:44,(anonymous_1)
FN:67,(anonymous_2)
FN:68,(anonymous_3)
FN:76,(anonymous_4)
FN:113,(anonymous_5)
FN:158,(anonymous_6)
FN:213,(anonymous_7)
FN:241,(anonymous_8)
FN:289,(anonymous_9)
FN:304,(anonymous_10)
FNF:11
FNH:0
FNDA:0,(anonymous_0)
FNDA:0,(anonymous_1)
FNDA:0,(anonymous_2)
FNDA:0,(anonymous_3)
FNDA:0,(anonymous_4)
FNDA:0,(anonymous_5)
FNDA:0,(anonymous_6)
FNDA:0,(anonymous_7)
FNDA:0,(anonymous_8)
FNDA:0,(anonymous_9)
FNDA:0,(anonymous_10)
DA:1,0
DA:2,0
DA:3,0
DA:12,0
DA:13,0
DA:16,0
DA:19,0
DA:25,0
DA:26,0
DA:29,0
DA:45,0
DA:46,0
DA:47,0
DA:48,0
DA:49,0
DA:50,0
DA:52,0
DA:53,0
DA:54,0
DA:57,0
DA:59,0
DA:60,0
DA:64,0
DA:67,0
DA:68,0
DA:71,0
DA:74,0
DA:76,0
DA:77,0
DA:78,0
DA:80,0
DA:81,0
DA:82,0
DA:83,0
DA:84,0
DA:87,0
DA:88,0
DA:89,0
DA:90,0
DA:94,0
DA:95,0
DA:97,0
DA:100,0
DA:101,0
DA:102,0
DA:114,0
DA:116,0
DA:118,0
DA:119,0
DA:120,0
DA:124,0
DA:125,0
DA:126,0
DA:130,0
DA:131,0
DA:133,0
DA:134,0
DA:143,0
DA:146,0
DA:147,0
DA:159,0
DA:160,0
DA:163,0
DA:169,0
DA:174,0
DA:182,0
DA:184,0
DA:185,0
DA:188,0
DA:190,0
DA:191,0
DA:195,0
DA:196,0
DA:200,0
DA:201,0
DA:203,0
DA:214,0
DA:216,0
DA:217,0
DA:221,0
DA:222,0
DA:223,0
DA:224,0
DA:225,0
DA:228,0
DA:232,0
DA:233,0
DA:234,0
DA:237,0
DA:238,0
DA:241,0
DA:242,0
DA:243,0
DA:245,0
DA:247,0
DA:248,0
DA:250,0
DA:251,0
DA:253,0
DA:254,0
DA:256,0
DA:257,0
DA:259,0
DA:260,0
DA:262,0
DA:263,0
DA:265,0
DA:266,0
DA:268,0
DA:269,0
DA:271,0
DA:272,0
DA:276,0
DA:279,0
DA:280,0
DA:290,0
DA:305,0
DA:309,0
LF:118
LH:0
BRDA:11,0,0,0
BRDA:16,1,0,0
BRDA:16,1,1,0
BRDA:20,2,0,0
BRDA:20,2,1,0
BRDA:20,2,2,0
BRDA:25,3,0,0
BRDA:25,3,1,0
BRDA:52,4,0,0
BRDA:52,4,1,0
BRDA:52,5,0,0
BRDA:52,5,1,0
BRDA:77,6,0,0
BRDA:77,6,1,0
BRDA:77,7,0,0
BRDA:77,7,1,0
BRDA:80,8,0,0
BRDA:80,8,1,0
BRDA:83,9,0,0
BRDA:83,9,1,0
BRDA:88,10,0,0
BRDA:88,10,1,0
BRDA:90,11,0,0
BRDA:90,11,1,0
BRDA:118,12,0,0
BRDA:118,12,1,0
BRDA:124,13,0,0
BRDA:124,13,1,0
BRDA:133,14,0,0
BRDA:133,14,1,0
BRDA:176,15,0,0
BRDA:176,15,1,0
BRDA:184,16,0,0
BRDA:184,16,1,0
BRDA:184,17,0,0
BRDA:184,17,1,0
BRDA:190,18,0,0
BRDA:190,18,1,0
BRDA:200,19,0,0
BRDA:200,19,1,0
BRDA:200,20,0,0
BRDA:200,20,1,0
BRDA:216,21,0,0
BRDA:216,21,1,0
BRDA:222,22,0,0
BRDA:222,22,1,0
BRDA:224,23,0,0
BRDA:224,23,1,0
BRDA:232,24,0,0
BRDA:232,24,1,0
BRDA:245,25,0,0
BRDA:245,25,1,0
BRDA:245,25,2,0
BRDA:245,25,3,0
BRDA:245,25,4,0
BRDA:245,25,5,0
BRDA:245,25,6,0
BRDA:245,25,7,0
BRDA:245,25,8,0
BRF:59
BRH:0
end_of_record
TN:
SF:src/queue.js
FN:5,(anonymous_0)
FN:25,(anonymous_1)
FN:27,(anonymous_2)
FN:39,(anonymous_3)
FN:40,(anonymous_4)
FN:91,(anonymous_5)
FN:95,(anonymous_6)
FNF:7
FNH:0
FNDA:0,(anonymous_0)
FNDA:0,(anonymous_1)
FNDA:0,(anonymous_2)
FNDA:0,(anonymous_3)
FNDA:0,(anonymous_4)
FNDA:0,(anonymous_5)
FNDA:0,(anonymous_6)
DA:1,0
DA:2,0
DA:6,0
DA:8,0
DA:13,0
DA:14,0
DA:16,0
DA:17,0
DA:18,0
DA:19,0
DA:21,0
DA:22,0
DA:26,0
DA:27,0
DA:30,0
DA:33,0
DA:34,0
DA:37,0
DA:39,0
DA:40,0
DA:41,0
DA:42,0
DA:44,0
DA:46,0
DA:47,0
DA:48,0
DA:49,0
DA:50,0
DA:52,0
DA:54,0
DA:55,0
DA:56,0
DA:57,0
DA:59,0
DA:61,0
DA:66,0
DA:68,0
DA:69,0
DA:73,0
DA:74,0
DA:75,0
DA:78,0
DA:85,0
DA:86,0
DA:87,0
DA:92,0
DA:94,0
DA:95,0
DA:100,0
LF:49
LH:0
BRDA:9,0,0,0
BRDA:9,0,1,0
BRDA:9,0,2,0
BRDA:33,1,0,0
BRDA:33,1,1,0
BRDA:49,2,0,0
BRDA:49,2,1,0
BRDA:56,3,0,0
BRDA:56,3,1,0
BRDA:74,4,0,0
BRDA:74,4,1,0
BRF:11
BRH:0
end_of_record
TN:
SF:src/registry.js
FN:10,(anonymous_0)
FN:24,(anonymous_1)
FN:34,(anonymous_2)
FN:42,(anonymous_3)
FN:43,(anonymous_4)
FN:48,(anonymous_5)
FN:125,(anonymous_6)
FN:145,(anonymous_7)
FN:151,(anonymous_8)
FN:156,(anonymous_9)
FN:168,(anonymous_10)
FN:171,(anonymous_11)
FNF:12
FNH:0
FNDA:0,(anonymous_0)
FNDA:0,(anonymous_1)
FNDA:0,(anonymous_2)
FNDA:0,(anonymous_3)
FNDA:0,(anonymous_4)
FNDA:0,(anonymous_5)
FNDA:0,(anonymous_6)
FNDA:0,(anonymous_7)
FNDA:0,(anonymous_8)
FNDA:0,(anonymous_9)
FNDA:0,(anonymous_10)
FNDA:0,(anonymous_11)
DA:1,0
DA:2,0
DA:3,0
DA:4,0
DA:6,0
DA:7,0
DA:11,0
DA:12,0
DA:13,0
DA:14,0
DA:15,0
DA:16,0
DA:17,0
DA:25,0
DA:26,0
DA:27,0
DA:35,0
DA:43,0
DA:49,0
DA:51,0
DA:52,0
DA:54,0
DA:57,0
DA:60,0
DA:61,0
DA:63,0
DA:64,0
DA:78,0
DA:79,0
DA:80,0
DA:83,0
DA:85,0
DA:86,0
DA:87,0
DA:90,0
DA:91,0
DA:92,0
DA:93,0
DA:94,0
DA:95,0
DA:98,0
DA:102,0
DA:103,0
DA:108,0
DA:109,0
DA:111,0
DA:115,0
DA:118,0
DA:128,0
DA:129,0
DA:132,0
DA:135,0
DA:138,0
DA:139,0
DA:142,0
DA:146,0
DA:147,0
DA:152,0
DA:153,0
DA:154,0
DA:155,0
DA:156,0
DA:158,0
DA:159,0
DA:161,0
DA:164,0
DA:169,0
DA:170,0
DA:171,0
DA:175,0
DA:177,0
DA:182,0
LF:72
LH:0
BRDA:10,0,0,0
BRDA:14,1,0,0
BRDA:14,1,1,0
BRDA:15,2,0,0
BRDA:15,2,1,0
BRDA:51,3,0,0
BRDA:51,3,1,0
BRDA:65,4,0,0
BRDA:65,4,1,0
BRDA:78,5,0,0
BRDA:78,5,1,0
BRDA:85,6,0,0
BRDA:85,6,1,0
BRDA:85,7,0,0
BRDA:85,7,1,0
BRDA:85,7,2,0
BRDA:93,8,0,0
BRDA:93,8,1,0
BRDA:93,9,0,0
BRDA:93,9,1,0
BRDA:102,10,0,0
BRDA:102,10,1,0
BRDA:102,11,0,0
BRDA:102,11,1,0
BRDA:108,12,0,0
BRDA:108,12,1,0
BRDA:111,13,0,0
BRDA:111,13,1,0
BRDA:128,14,0,0
BRDA:128,14,1,0
BRDA:128,15,0,0
BRDA:128,15,1,0
BRDA:138,16,0,0
BRDA:138,16,1,0
BRDA:146,17,0,0
BRDA:146,17,1,0
BRDA:153,18,0,0
BRDA:153,18,1,0
BRDA:155,19,0,0
BRDA:155,19,1,0
BRDA:158,20,0,0
BRDA:158,20,1,0
BRDA:158,21,0,0
BRDA:158,21,1,0
BRF:44
BRH:0
end_of_record
TN:
SF:src/retry.js
FN:55,classifyError
FN:62,(anonymous_1)
FN:72,(anonymous_2)
FN:80,(anonymous_3)
FN:107,extractErrorCode
FN:127,calculateDelay
FN:146,sleep
FN:147,(anonymous_7)
FN:176,withRetry
FN:268,retry
FN:273,(anonymous_10)
FN:281,isRetryableError
FN:290,isDuplicateTransactionError
FNF:13
FNH:0
FNDA:0,classifyError
FNDA:0,(anonymous_1)
FNDA:0,(anonymous_2)
FNDA:0,(anonymous_3)
FNDA:0,extractErrorCode
FNDA:0,calculateDelay
FNDA:0,sleep
FNDA:0,(anonymous_7)
FNDA:0,withRetry
FNDA:0,retry
FNDA:0,(anonymous_10)
FNDA:0,isRetryableError
FNDA:0,isDuplicateTransactionError
DA:4,0
DA:13,0
DA:27,0
DA:44,0
DA:56,0
DA:58,0
DA:59,0
DA:62,0
DA:63,0
DA:68,0
DA:72,0
DA:73,0
DA:76,0
DA:80,0
DA:81,0
DA:84,0
DA:89,0
DA:96,0
DA:99,0
DA:108,0
DA:110,0
DA:112,0
DA:113,0
DA:114,0
DA:117,0
DA:129,0
DA:132,0
DA:136,0
DA:138,0
DA:147,0
DA:153,0
DA:177,0
DA:179,0
DA:181,0
DA:182,0
DA:183,0
DA:184,0
DA:191,0
DA:192,0
DA:195,0
DA:196,0
DA:197,0
DA:199,0
DA:209,0
DA:210,0
DA:220,0
DA:221,0
DA:222,0
DA:224,0
DA:235,0
DA:238,0
DA:239,0
DA:243,0
DA:245,0
DA:250,0
DA:269,0
DA:273,0
DA:282,0
DA:291,0
LF:59
LH:0
BRDA:56,0,0,0
BRDA:56,0,1,0
BRDA:58,1,0,0
BRDA:58,1,1,0
BRDA:58,1,2,0
BRDA:59,2,0,0
BRDA:59,2,1,0
BRDA:59,2,2,0
BRDA:62,3,0,0
BRDA:62,3,1,0
BRDA:63,4,0,0
BRDA:63,4,1,0
BRDA:63,4,2,0
BRDA:63,4,3,0
BRDA:72,5,0,0
BRDA:72,5,1,0
BRDA:73,6,0,0
BRDA:73,6,1,0
BRDA:80,7,0,0
BRDA:80,7,1,0
BRDA:81,8,0,0
BRDA:81,8,1,0
BRDA:89,9,0,0
BRDA:89,9,1,0
BRDA:89,10,0,0
BRDA:89,10,1,0
BRDA:89,10,2,0
BRDA:89,10,3,0
BRDA:89,10,4,0
BRDA:89,10,5,0
BRDA:89,10,6,0
BRDA:108,11,0,0
BRDA:108,11,1,0
BRDA:110,12,0,0
BRDA:110,12,1,0
BRDA:114,13,0,0
BRDA:114,13,1,0
BRDA:154,14,0,0
BRDA:154,14,1,0
BRDA:155,15,0,0
BRDA:155,15,1,0
BRDA:156,16,0,0
BRDA:156,16,1,0
BRDA:176,17,0,0
BRDA:195,18,0,0
BRDA:195,18,1,0
BRDA:196,19,0,0
BRDA:196,19,1,0
BRDA:209,20,0,0
BRDA:209,20,1,0
BRDA:220,21,0,0
BRDA:220,21,1,0
BRDA:221,22,0,0
BRDA:221,22,1,0
BRDA:238,23,0,0
BRDA:238,23,1,0
BRDA:268,24,0,0
BRDA:268,25,0,0
BRF:58
BRH:0
end_of_record
TN:
SF:src/rpc.js
FN:4,createRpc
FNF:1
FNH:0
FNDA:0,createRpc
DA:2,0
DA:5,0
DA:9,0
DA:13,0
DA:14,0
DA:16,0
DA:17,0
DA:22,0
DA:26,0
DA:29,0
DA:32,0
LF:11
LH:0
BRDA:16,0,0,0
BRDA:16,0,1,0
BRF:2
BRH:0
end_of_record
TN:
SF:src/server.js
FNF:0
FNH:0
LF:0
LH:0
BRF:0
BRH:0
end_of_record
